  c_primer_plus-07.c
E:\project\c_primer-plus\cpp07-c控制语句-分支和跳转\c_primer_plus-07.c(90,26): warning C4244: “=”: 从“int”转换到“float”，可能丢失数据
E:\project\c_primer-plus\cpp07-c控制语句-分支和跳转\c_primer_plus-07.c(91,26): warning C4244: “=”: 从“int”转换到“float”，可能丢失数据
E:\project\c_primer-plus\cpp07-c控制语句-分支和跳转\c_primer_plus-07.c(168,78): warning C4244: “=”: 从“double”转换到“float”，可能丢失数据
E:\project\c_primer-plus\cpp07-c控制语句-分支和跳转\c_primer_plus-07.c(171,103): warning C4244: “=”: 从“double”转换到“float”，可能丢失数据
E:\project\c_primer-plus\cpp07-c控制语句-分支和跳转\c_primer_plus-07.c(172,78): warning C4244: “=”: 从“double”转换到“float”，可能丢失数据
E:\project\c_primer-plus\cpp07-c控制语句-分支和跳转\c_primer_plus-07.c(197,27): warning C4244: “=”: 从“double”转换到“float”，可能丢失数据
E:\project\c_primer-plus\cpp07-c控制语句-分支和跳转\c_primer_plus-07.c(205,66): warning C4244: “=”: 从“double”转换到“float”，可能丢失数据
E:\project\c_primer-plus\cpp07-c控制语句-分支和跳转\c_primer_plus-07.c(212,1): warning C4305: “初始化”: 从“double”到“const float”截断
E:\project\c_primer-plus\cpp07-c控制语句-分支和跳转\c_primer_plus-07.c(214,1): warning C4305: “初始化”: 从“double”到“const float”截断
E:\project\c_primer-plus\cpp07-c控制语句-分支和跳转\c_primer_plus-07.c(289,48): warning C4244: “=”: 从“double”转换到“float”，可能丢失数据
E:\project\c_primer-plus\cpp07-c控制语句-分支和跳转\c_primer_plus-07.c(305,19): warning C4244: “函数”: 从“float”转换到“int”，可能丢失数据
E:\project\c_primer-plus\cpp07-c控制语句-分支和跳转\c_primer_plus-07.c(309,19): warning C4244: “函数”: 从“float”转换到“int”，可能丢失数据
E:\project\c_primer-plus\cpp07-c控制语句-分支和跳转\c_primer_plus-07.c(313,19): warning C4244: “函数”: 从“float”转换到“int”，可能丢失数据
E:\project\c_primer-plus\cpp07-c控制语句-分支和跳转\c_primer_plus-07.c(317,19): warning C4244: “函数”: 从“float”转换到“int”，可能丢失数据
E:\project\c_primer-plus\cpp07-c控制语句-分支和跳转\c_primer_plus-07.c(354,46): warning C4244: “=”: 从“double”转换到“float”，可能丢失数据
E:\project\c_primer-plus\cpp07-c控制语句-分支和跳转\c_primer_plus-07.c(357,30): warning C4244: “=”: 从“double”转换到“float”，可能丢失数据
E:\project\c_primer-plus\cpp07-c控制语句-分支和跳转\c_primer_plus-07.c(402,73): warning C4244: “=”: 从“double”转换到“float”，可能丢失数据
E:\project\c_primer-plus\cpp07-c控制语句-分支和跳转\c_primer_plus-07.c(405,27): warning C4305: “函数”: 从“double”到“float”截断
E:\project\c_primer-plus\cpp07-c控制语句-分支和跳转\c_primer_plus-07.c(406,27): warning C4305: “函数”: 从“double”到“float”截断
E:\project\c_primer-plus\cpp07-c控制语句-分支和跳转\c_primer_plus-07.c(407,27): warning C4305: “函数”: 从“double”到“float”截断
  正在生成代码
  4 of 11 functions (36.4%) were compiled, the rest were copied from previous compilation.
    0 functions were new in current compilation
    0 functions had inline decision re-evaluated but remain unchanged
  已完成代码的生成
  cpp07-c控制语句-分支和跳转.vcxproj -> E:\project\c_primer-plus\c_primer-plus-01\Release\cpp07-c控制语句-分支和跳转.exe
